<?xml version="1.0" encoding="UTF-8"?>
<!-- Generated by org.testng.reporters.JUnitReportReporter -->
<testsuite hostname="DESKTOP-0J9H01F" failures="0" tests="1" name="com.naveenautomationlabs.AutomationFramework.Tests.MacbookTest" time="24.055" errors="0" timestamp="2023-06-27T13:39:52 EDT" skipped="0">
  <testcase classname="com.naveenautomationlabs.AutomationFramework.Tests.MacbookTest" name="validateProductsMenu" time="24.055"/>
  <system-out/>
</testsuite> <!-- com.naveenautomationlabs.AutomationFramework.Tests.MacbookTest -->
