<?xml version="1.0" encoding="UTF-8"?>
<!-- Generated by org.testng.reporters.JUnitReportReporter -->
<testsuite hostname="DESKTOP-0J9H01F" failures="0" tests="1" name="com.naveenautomationlabs.AutomationFramework.AppTest" time="7.632" errors="0" timestamp="16 Jun 2023 20:38:37 GMT" skipped="0">
  <testcase classname="com.naveenautomationlabs.AutomationFramework.AppTest" name="test" time="7.632"/>
</testsuite> <!-- com.naveenautomationlabs.AutomationFramework.AppTest -->
