<?xml version="1.0" encoding="UTF-8"?>
<!-- Generated by org.testng.reporters.JUnitReportReporter -->
<testsuite hostname="DESKTOP-0J9H01F" failures="0" tests="1" name="com.naveenautomationlabs.AutomationFramework.Tests.YourStoreTest" time="9.275" errors="0" timestamp="2023-06-27T15:06:03 EDT" skipped="0">
  <testcase classname="com.naveenautomationlabs.AutomationFramework.Tests.YourStoreTest" name="validateAddToWishList" time="9.275"/>
  <system-out/>
</testsuite> <!-- com.naveenautomationlabs.AutomationFramework.Tests.YourStoreTest -->
