<?xml version="1.0" encoding="UTF-8"?>
<!-- Generated by org.testng.reporters.JUnitReportReporter -->
<testsuite hostname="DESKTOP-0J9H01F" failures="0" tests="1" name="com.naveenautomationlabs.AutomationFramework.Tests.YourStoreTest" time="9.159" errors="0" timestamp="2023-06-25T19:14:07 EDT" skipped="0">
  <testcase classname="com.naveenautomationlabs.AutomationFramework.Tests.YourStoreTest" name="validateAddToCart" time="9.159"/>
  <system-out/>
</testsuite> <!-- com.naveenautomationlabs.AutomationFramework.Tests.YourStoreTest -->
